PostMark v1.5 : 3/27/01
pm>pm>pm>pm>Current configuration is:
The base number of files is 2000
Transactions: 2000
Files range between 10 bytes and 97.66 kilobytes in size
Working directory: /mnt/9/tmp
Block sizes are: read=512 bytes, write=512 bytes
Biases are: read/append=5, create/delete=5
Using Unix buffered file I/O
Random number generator seed is 42
Report format is verbose.
pm>Creating files...Done
Performing transactions..........Done
Deleting files...Done
Time:
	84 seconds total
	43 seconds of transactions (46 per second)

Files:
	3011 created (35 per second)
		Creation alone: 2000 files (58 per second)
		Mixed with transactions: 1011 files (23 per second)
	974 read (22 per second)
	1026 appended (23 per second)
	3011 deleted (35 per second)
		Deletion alone: 2022 files (288 per second)
		Mixed with transactions: 989 files (23 per second)

Data:
	50.14 megabytes read (611.23 kilobytes per second)
	164.96 megabytes written (1.96 megabytes per second)
pm>